TN:
SF:src\shared\colorsBgPokemons.js
FNF:0
FNH:0
DA:1,1
DA:2,1
DA:3,1
DA:4,1
DA:5,1
DA:6,1
DA:7,1
DA:8,1
DA:9,1
DA:10,1
DA:11,1
DA:12,1
DA:13,1
DA:14,1
DA:15,1
DA:16,1
DA:17,1
DA:18,1
DA:19,1
DA:20,1
DA:21,1
DA:22,1
DA:23,1
DA:24,1
DA:25,1
LF:25
LH:25
BRF:0
BRH:0
end_of_record
TN:
SF:src\shared\firstLetterUpperCase.js
FN:1,firstLetterUpperCase
FN:4,firstLetterUpperCaseType
FNF:2
FNH:2
FNDA:1,firstLetterUpperCase
FNDA:1,firstLetterUpperCaseType
DA:1,1
DA:2,1
DA:3,1
DA:4,1
DA:5,1
LF:5
LH:5
BRDA:1,0,0,1
BRDA:4,1,0,1
BRF:2
BRH:2
end_of_record
TN:
SF:src\shared\handleFavorite.js
FN:1,handleFavorite
FNF:1
FNH:1
FNDA:1,handleFavorite
DA:1,1
DA:2,1
DA:3,1
DA:4,1
DA:5,1
DA:6,1
DA:7,0
DA:8,1
DA:9,1
DA:10,1
DA:11,1
DA:12,1
DA:13,1
DA:14,1
DA:15,1
LF:15
LH:14
BRDA:1,0,0,1
BRDA:6,1,0,0
BRDA:6,2,0,0
BRDA:10,3,0,0
BRF:4
BRH:1
end_of_record
TN:
SF:src\shared\loadFavoritePokemons.js
FN:1,loadFavoritePokemons
FNF:1
FNH:1
FNDA:3,loadFavoritePokemons
DA:1,1
DA:2,3
DA:3,3
DA:4,3
LF:4
LH:4
BRDA:1,0,0,3
BRDA:2,1,0,0
BRF:2
BRH:1
end_of_record
TN:
SF:src\shared\navigateToDetailsPokemon.js
FN:1,navigateToDetailsPokemon
FNF:1
FNH:0
FNDA:0,navigateToDetailsPokemon
DA:1,1
DA:2,0
DA:3,0
DA:4,0
DA:5,0
LF:5
LH:1
BRF:0
BRH:0
end_of_record
TN:
SF:src\shared\verifyFavorite.js
FN:1,verifyFavorite
FNF:1
FNH:0
FNDA:0,verifyFavorite
DA:1,1
DA:2,0
DA:3,0
DA:4,0
LF:4
LH:1
BRF:0
BRH:0
end_of_record
