TN:
SF:src\components\Footer\index.jsx
FN:3,Footer
FNF:1
FNH:1
FNDA:3,Footer
DA:1,1
DA:2,1
DA:3,1
DA:4,3
DA:5,3
DA:6,3
DA:7,3
DA:8,3
DA:9,3
DA:10,3
DA:11,3
DA:12,3
LF:12
LH:12
BRDA:3,0,0,3
BRF:1
BRH:1
end_of_record
TN:
SF:src\components\Footer\style.js
FNF:0
FNH:0
DA:1,1
DA:2,1
DA:3,1
DA:4,1
DA:5,1
DA:6,1
DA:7,1
DA:8,1
DA:9,1
DA:10,1
DA:11,1
DA:12,1
DA:13,1
DA:14,1
DA:15,1
DA:16,1
DA:17,1
LF:17
LH:17
BRF:0
BRH:0
end_of_record
TN:
SF:src\components\Header\index.jsx
FN:6,Header
FNF:1
FNH:1
FNDA:6,Header
DA:1,1
DA:2,1
DA:3,1
DA:4,1
DA:5,1
DA:6,1
DA:7,6
DA:8,6
DA:9,6
DA:10,6
DA:11,6
DA:12,6
DA:13,6
DA:14,6
DA:15,6
DA:16,6
DA:17,6
DA:18,6
LF:18
LH:18
BRDA:6,0,0,6
BRF:1
BRH:1
end_of_record
TN:
SF:src\components\Header\style.js
FNF:0
FNH:0
DA:1,1
DA:2,1
DA:3,1
DA:4,1
DA:5,1
DA:6,1
DA:7,1
DA:8,1
DA:9,1
DA:10,1
DA:11,1
DA:12,1
DA:13,1
DA:14,1
DA:15,1
DA:16,1
DA:17,1
DA:18,1
DA:19,1
DA:20,1
DA:21,1
DA:22,1
DA:23,1
DA:24,1
DA:25,1
DA:26,1
DA:27,1
DA:28,1
DA:29,1
DA:30,1
DA:31,1
DA:32,1
DA:33,1
DA:34,1
DA:35,1
LF:35
LH:35
BRF:0
BRH:0
end_of_record
TN:
SF:src\components\Pokemon\index.jsx
FN:4,Pokemon
FNF:1
FNH:1
FNDA:6,Pokemon
DA:1,1
DA:2,1
DA:3,1
DA:4,1
DA:5,6
DA:6,6
DA:7,6
DA:8,6
DA:9,6
DA:10,6
DA:11,6
DA:12,6
DA:13,6
DA:14,6
DA:15,6
DA:16,6
DA:17,6
DA:18,6
DA:19,6
DA:20,6
LF:20
LH:20
BRDA:4,0,0,6
BRF:1
BRH:1
end_of_record
TN:
SF:src\components\Pokemon\style.js
FN:13,Object.<anonymous>.exports.Pokemon
FNF:1
FNH:1
FNDA:6,Object.<anonymous>.exports.Pokemon
DA:1,1
DA:2,1
DA:3,1
DA:4,1
DA:5,1
DA:6,1
DA:7,1
DA:8,1
DA:9,1
DA:10,1
DA:11,1
DA:12,1
DA:13,1
DA:14,1
DA:15,1
DA:16,1
DA:17,1
DA:18,1
DA:19,1
DA:20,1
DA:21,1
DA:22,1
DA:23,1
DA:24,1
DA:25,1
DA:26,1
DA:27,1
DA:28,1
DA:29,1
DA:30,1
DA:31,1
DA:32,1
DA:33,1
DA:34,1
LF:34
LH:34
BRDA:13,0,0,6
BRDA:28,1,0,6
BRDA:28,2,0,0
BRDA:32,3,0,6
BRF:4
BRH:3
end_of_record
TN:
SF:src\shared\colorsBgPokemons.js
FNF:0
FNH:0
DA:1,1
DA:2,1
DA:3,1
DA:4,1
DA:5,1
DA:6,1
DA:7,1
DA:8,1
DA:9,1
DA:10,1
DA:11,1
DA:12,1
DA:13,1
DA:14,1
DA:15,1
DA:16,1
DA:17,1
DA:18,1
DA:19,1
DA:20,1
DA:21,1
DA:22,1
DA:23,1
DA:24,1
DA:25,1
LF:25
LH:25
BRF:0
BRH:0
end_of_record
TN:
SF:src\shared\firstLetterUpperCase.js
FN:1,firstLetterUpperCase
FN:4,firstLetterUpperCaseType
FNF:2
FNH:2
FNDA:6,firstLetterUpperCase
FNDA:6,firstLetterUpperCaseType
DA:1,1
DA:2,1
DA:3,1
DA:4,1
DA:5,1
LF:5
LH:5
BRDA:1,0,0,6
BRDA:4,1,0,6
BRF:2
BRH:2
end_of_record
